<?xml version="1.0" encoding="UTF-8"?>
<testsuite xmlns:xsi="http://www.w3.org/2001/XMLSchema-instance" xsi:noNamespaceSchemaLocation="https://maven.apache.org/surefire/maven-surefire-plugin/xsd/surefire-test-report-3.0.xsd" version="3.0" name="AdminLoginLogoutTests" time="14.697" tests="3" errors="0" skipped="0" failures="0">
  <properties>
[...]
</properties>
  <testcase name="adminLogout" classname="AdminLoginLogoutTests" time="5.243"/>
  <testcase name="successfulLogin" classname="AdminLoginLogoutTests" time="2.437"/>
  <testcase name="unsuccessfulLogin" classname="AdminLoginLogoutTests" time="1.223"/>
</testsuite>